<?xml version="1.0" encoding="UTF-8"?>
<!-- Generated by org.testng.reporters.JUnitXMLReporter -->
<testsuite ignored="0" hostname="DESKTOP-4R6OVPN" failures="0" tests="5" name=" Chrome" time="149.418" errors="0" timestamp="2025-10-10T11:20:58 IST">
  <testcase classname="testLayer.TestClass1" name="testMethod2" time="60.023"/>
  <testcase classname="testLayer.TestClass1" name="testMethod3" time="60.025"/>
  <testcase classname="testLayer.TestClass1" name="testMethod1" time="60.01"/>
  <testcase classname="testLayer.TestClass1" name="testMethod4" time="60.01"/>
  <testcase classname="testLayer.TestClass1" name="testMethod5" time="60.018"/>
</testsuite> <!--  Chrome -->
