<?xml version="1.0" encoding="UTF-8"?>
<!-- Generated by org.testng.reporters.JUnitXMLReporter -->
<testsuite ignored="0" hostname="TBINMUPD-LP0025" failures="0" tests="4" name="RegressionTest" time="34.13" errors="0" timestamp="2025-09-20T03:26:34 IST">
  <testcase classname="testLayer.TestClass1" name="testMethod1" time="4.648"/>
  <testcase classname="testLayer.TestClass2" name="testMethod3" time="8.438"/>
  <testcase classname="testLayer.TestClass1" name="testMethod2" time="5.279"/>
  <testcase classname="testLayer.TestClass2" name="testMethod4" time="4.21"/>
</testsuite> <!-- RegressionTest -->
