<?xml version="1.0" encoding="UTF-8"?>
<!-- Generated by org.testng.reporters.JUnitXMLReporter -->
<testsuite ignored="0" hostname="TBINMUPD-LP0025" failures="0" tests="4" name="RegressionTest" time="26.92" errors="0" timestamp="2025-09-20T01:36:29 IST">
  <testcase classname="testLayer.TestClass2" name="testMethod3" time="5.801"/>
  <testcase classname="testLayer.TestClass2" name="testMethod4" time="8.073"/>
  <testcase classname="testLayer.TestClass1" name="testMethod2" time="5.178"/>
  <testcase classname="testLayer.TestClass1" name="testMethod1" time="5.009"/>
</testsuite> <!-- RegressionTest -->
