<?xml version="1.0" encoding="UTF-8"?>
<testng-results ignored="0" total="4" passed="4" failed="0" skipped="0">
  <reporter-output>
  </reporter-output>
  <suite started-at="2025-09-21T18:06:46 IST" name="AutomationSuite" finished-at="2025-09-21T18:08:01 IST" duration-ms="74836">
    <groups>
    </groups>
    <test started-at="2025-09-21T18:06:46 IST" name="RegressionTest" finished-at="2025-09-21T18:08:01 IST" duration-ms="74836">
      <class name="testLayer.TestClass1">
        <test-method is-config="true" signature="setUp(java.lang.String)[pri:0, instance:testLayer.TestClass1@63475ace]" started-at="2025-09-21T18:06:47 IST" name="setUp" finished-at="2025-09-21T18:07:09 IST" duration-ms="22537" status="PASS">
          <params>
            <param index="0">
              <value>
                <![CDATA[edge]]>
              </value>
            </param>
          </params>
          <reporter-output>
          </reporter-output>
        </test-method> <!-- setUp -->
        <test-method is-config="true" signature="setUp(java.lang.String)[pri:0, instance:testLayer.TestClass1@63475ace]" started-at="2025-09-21T18:06:47 IST" name="setUp" finished-at="2025-09-21T18:07:15 IST" duration-ms="28463" status="PASS">
          <params>
            <param index="0">
              <value>
                <![CDATA[edge]]>
              </value>
            </param>
          </params>
          <reporter-output>
          </reporter-output>
        </test-method> <!-- setUp -->
        <test-method signature="testMethod1()[pri:0, instance:testLayer.TestClass1@63475ace]" started-at="2025-09-21T18:07:09 IST" name="testMethod1" finished-at="2025-09-21T18:07:53 IST" duration-ms="43480" status="PASS">
          <reporter-output>
          </reporter-output>
        </test-method> <!-- testMethod1 -->
        <test-method signature="testMethod11()[pri:0, instance:testLayer.TestClass1@63475ace]" started-at="2025-09-21T18:07:15 IST" name="testMethod11" finished-at="2025-09-21T18:07:59 IST" duration-ms="44317" status="PASS">
          <reporter-output>
          </reporter-output>
        </test-method> <!-- testMethod11 -->
        <test-method is-config="true" signature="tearDown()[pri:0, instance:testLayer.TestClass1@63475ace]" started-at="2025-09-21T18:07:53 IST" name="tearDown" finished-at="2025-09-21T18:07:57 IST" duration-ms="4654" status="PASS">
          <reporter-output>
          </reporter-output>
        </test-method> <!-- tearDown -->
        <test-method is-config="true" signature="tearDown()[pri:0, instance:testLayer.TestClass1@63475ace]" started-at="2025-09-21T18:07:59 IST" name="tearDown" finished-at="2025-09-21T18:08:01 IST" duration-ms="1998" status="PASS">
          <reporter-output>
          </reporter-output>
        </test-method> <!-- tearDown -->
      </class> <!-- testLayer.TestClass1 -->
      <class name="testLayer.TestClass2">
        <test-method is-config="true" signature="setUp(java.lang.String)[pri:0, instance:testLayer.TestClass2@291b4bf5]" started-at="2025-09-21T18:06:47 IST" name="setUp" finished-at="2025-09-21T18:07:00 IST" duration-ms="13674" status="PASS">
          <params>
            <param index="0">
              <value>
                <![CDATA[edge]]>
              </value>
            </param>
          </params>
          <reporter-output>
          </reporter-output>
        </test-method> <!-- setUp -->
        <test-method is-config="true" signature="setUp(java.lang.String)[pri:0, instance:testLayer.TestClass2@291b4bf5]" started-at="2025-09-21T18:06:47 IST" name="setUp" finished-at="2025-09-21T18:06:54 IST" duration-ms="7835" status="PASS">
          <params>
            <param index="0">
              <value>
                <![CDATA[edge]]>
              </value>
            </param>
          </params>
          <reporter-output>
          </reporter-output>
        </test-method> <!-- setUp -->
        <test-method signature="testMethod12()[pri:0, instance:testLayer.TestClass2@291b4bf5]" started-at="2025-09-21T18:06:54 IST" name="testMethod12" finished-at="2025-09-21T18:07:46 IST" duration-ms="51926" status="PASS">
          <reporter-output>
          </reporter-output>
        </test-method> <!-- testMethod12 -->
        <test-method signature="testMethod13()[pri:0, instance:testLayer.TestClass2@291b4bf5]" started-at="2025-09-21T18:07:00 IST" name="testMethod13" finished-at="2025-09-21T18:07:51 IST" duration-ms="51208" status="PASS">
          <reporter-output>
          </reporter-output>
        </test-method> <!-- testMethod13 -->
        <test-method is-config="true" signature="tearDown()[pri:0, instance:testLayer.TestClass2@291b4bf5]" started-at="2025-09-21T18:07:46 IST" name="tearDown" finished-at="2025-09-21T18:08:01 IST" duration-ms="14303" status="PASS">
          <reporter-output>
          </reporter-output>
        </test-method> <!-- tearDown -->
        <test-method is-config="true" signature="tearDown()[pri:0, instance:testLayer.TestClass2@291b4bf5]" started-at="2025-09-21T18:07:51 IST" name="tearDown" finished-at="2025-09-21T18:07:55 IST" duration-ms="3568" status="PASS">
          <reporter-output>
          </reporter-output>
        </test-method> <!-- tearDown -->
      </class> <!-- testLayer.TestClass2 -->
    </test> <!-- RegressionTest -->
  </suite> <!-- AutomationSuite -->
</testng-results>
